INFO:     Will watch for changes in these directories: ['/home/dev-trivedi/Public/Projects/Interview_ai']
INFO:     Uvicorn running on http://0.0.0.0:8000 (Press CTRL+C to quit)
INFO:     Started reloader process [21135] using WatchFiles
INFO:     Started server process [21138]
INFO:     Waiting for application startup.
INFO:     Application startup complete.
WARNING:  WatchFiles detected changes in 'server/src/db/firebase_client.py'. Reloading...
Failed to initialize firebase admin: Your default credentials were not found. To set up Application Default Credentials, see https://cloud.google.com/docs/authentication/external/set-up-adc for more information.. Falling back to in-memory DB for dev.
INFO:     127.0.0.1:38118 - "POST /api/v1/auth/register HTTP/1.1" 500 Internal Server Error
ERROR:    Exception in ASGI application
Traceback (most recent call last):
  File "/home/dev-trivedi/Public/Projects/Interview_ai/server/.venv/lib/python3.12/site-packages/uvicorn/protocols/http/httptools_impl.py", line 419, in run_asgi
    result = await app(  # type: ignore[func-returns-value]
             ^^^^^^^^^^^^^^^^^^^^^^^^^^^^^^^^^^^^^^^^^^^^^^
  File "/home/dev-trivedi/Public/Projects/Interview_ai/server/.venv/lib/python3.12/site-packages/uvicorn/middleware/proxy_headers.py", line 84, in __call__
    return await self.app(scope, receive, send)
           ^^^^^^^^^^^^^^^^^^^^^^^^^^^^^^^^^^^^
  File "/home/dev-trivedi/Public/Projects/Interview_ai/server/.venv/lib/python3.12/site-packages/fastapi/applications.py", line 1054, in __call__
    await super().__call__(scope, receive, send)
  File "/home/dev-trivedi/Public/Projects/Interview_ai/server/.venv/lib/python3.12/site-packages/starlette/applications.py", line 123, in __call__
    await self.middleware_stack(scope, receive, send)
  File "/home/dev-trivedi/Public/Projects/Interview_ai/server/.venv/lib/python3.12/site-packages/starlette/middleware/errors.py", line 186, in __call__
    raise exc
  File "/home/dev-trivedi/Public/Projects/Interview_ai/server/.venv/lib/python3.12/site-packages/starlette/middleware/errors.py", line 164, in __call__
    await self.app(scope, receive, _send)
  File "/home/dev-trivedi/Public/Projects/Interview_ai/server/.venv/lib/python3.12/site-packages/starlette/middleware/cors.py", line 83, in __call__
    await self.app(scope, receive, send)
  File "/home/dev-trivedi/Public/Projects/Interview_ai/server/.venv/lib/python3.12/site-packages/starlette/middleware/exceptions.py", line 62, in __call__
    await wrap_app_handling_exceptions(self.app, conn)(scope, receive, send)
  File "/home/dev-trivedi/Public/Projects/Interview_ai/server/.venv/lib/python3.12/site-packages/starlette/_exception_handler.py", line 64, in wrapped_app
    raise exc
  File "/home/dev-trivedi/Public/Projects/Interview_ai/server/.venv/lib/python3.12/site-packages/starlette/_exception_handler.py", line 53, in wrapped_app
    await app(scope, receive, sender)
  File "/home/dev-trivedi/Public/Projects/Interview_ai/server/.venv/lib/python3.12/site-packages/starlette/routing.py", line 762, in __call__
    await self.middleware_stack(scope, receive, send)
  File "/home/dev-trivedi/Public/Projects/Interview_ai/server/.venv/lib/python3.12/site-packages/starlette/routing.py", line 782, in app
    await route.handle(scope, receive, send)
  File "/home/dev-trivedi/Public/Projects/Interview_ai/server/.venv/lib/python3.12/site-packages/starlette/routing.py", line 297, in handle
    await self.app(scope, receive, send)
  File "/home/dev-trivedi/Public/Projects/Interview_ai/server/.venv/lib/python3.12/site-packages/starlette/routing.py", line 77, in app
    await wrap_app_handling_exceptions(app, request)(scope, receive, send)
  File "/home/dev-trivedi/Public/Projects/Interview_ai/server/.venv/lib/python3.12/site-packages/starlette/_exception_handler.py", line 64, in wrapped_app
    raise exc
  File "/home/dev-trivedi/Public/Projects/Interview_ai/server/.venv/lib/python3.12/site-packages/starlette/_exception_handler.py", line 53, in wrapped_app
    await app(scope, receive, sender)
  File "/home/dev-trivedi/Public/Projects/Interview_ai/server/.venv/lib/python3.12/site-packages/starlette/routing.py", line 72, in app
    response = await func(request)
               ^^^^^^^^^^^^^^^^^^^
  File "/home/dev-trivedi/Public/Projects/Interview_ai/server/.venv/lib/python3.12/site-packages/fastapi/routing.py", line 299, in app
    raise e
  File "/home/dev-trivedi/Public/Projects/Interview_ai/server/.venv/lib/python3.12/site-packages/fastapi/routing.py", line 294, in app
    raw_response = await run_endpoint_function(
                   ^^^^^^^^^^^^^^^^^^^^^^^^^^^^
  File "/home/dev-trivedi/Public/Projects/Interview_ai/server/.venv/lib/python3.12/site-packages/fastapi/routing.py", line 191, in run_endpoint_function
    return await dependant.call(**values)
           ^^^^^^^^^^^^^^^^^^^^^^^^^^^^^^
  File "/home/dev-trivedi/Public/Projects/Interview_ai/server/src/auth/routes.py", line 227, in register
    from auth.security import get_password_hash
ImportError: cannot import name 'get_password_hash' from 'auth.security' (/home/dev-trivedi/Public/Projects/Interview_ai/server/src/auth/security.py)
INFO:     Shutting down
INFO:     Waiting for application shutdown.
INFO:     Application shutdown complete.
INFO:     Finished server process [21138]
INFO:     Started server process [21366]
INFO:     Waiting for application startup.
INFO:     Application startup complete.
WARNING:  WatchFiles detected changes in 'server/src/auth/security.py'. Reloading...
INFO:     Shutting down
INFO:     Waiting for application shutdown.
INFO:     Application shutdown complete.
INFO:     Finished server process [21366]
INFO:     Started server process [21469]
INFO:     Waiting for application startup.
INFO:     Application startup complete.
WARNING:  WatchFiles detected changes in 'server/src/auth/routes.py'. Reloading...
INFO:     Shutting down
INFO:     Waiting for application shutdown.
INFO:     Application shutdown complete.
INFO:     Finished server process [21469]
INFO:     Started server process [21480]
INFO:     Waiting for application startup.
INFO:     Application startup complete.
WARNING:  WatchFiles detected changes in 'server/src/auth/routes.py', 'server/src/auth/security.py'. Reloading...
INFO:     Shutting down
INFO:     Waiting for application shutdown.
INFO:     Application shutdown complete.
INFO:     Finished server process [21480]
INFO:     Started server process [21510]
INFO:     Waiting for application startup.
INFO:     Application startup complete.
Failed to initialize firebase admin: Your default credentials were not found. To set up Application Default Credentials, see https://cloud.google.com/docs/authentication/external/set-up-adc for more information.. Falling back to in-memory DB for dev.
INFO:     127.0.0.1:44500 - "POST /api/v1/auth/register HTTP/1.1" 201 Created
